# JRE version: OpenJDK Runtime Environment (21.0.3) (build 21.0.3+-12282718-b509.11)
# Java VM: OpenJDK 64-Bit Server VM (21.0.3+-12282718-b509.11, mixed mode, tiered, compressed oops, compressed class ptrs, g1 gc, windows-amd64)
GC Precious Log:
 CardTable entry size: 512
 Card Set container configuration: InlinePtr #cards 5 size 8 Array Of Cards #cards 12 size 40 Howl #buckets 4 coarsen threshold 1843 Howl Bitmap #cards 512 size 80 coarsen threshold 460 Card regions per heap region 1 cards per card region 2048
 CPUs: 8 total, 8 available
 Memory: 8029M
 Large Page Support: Disabled
 NUMA Support: Disabled
 Compressed Oops: Enabled (32-bit)
 Heap Region Size: 1M
 Heap Min Capacity: 8M
 Heap Initial Capacity: 126M
 Heap Max Capacity: 2G
 Pre-touch: Disabled
 Parallel Workers: 8
 Concurrent Workers: 2
 Concurrent Refinement Workers: 8
 Periodic GC: Disabled
Heap:
 garbage-first heap   total 491520K, used 294554K [0x0000000080000000, 0x0000000100000000)
  region size 1024K, 128 young (131072K), 13 survivors (13312K)
 Metaspace       used 155805K, committed 158144K, reserved 1245184K
  class space    used 20389K, committed 21568K, reserved 1048576K
GC Heap History (20 events):
Event: 740.057 GC heap before
{Heap before GC invocations=51 (full 0):
 garbage-first heap   total 435200K, used 154701K [0x0000000080000000, 0x0000000100000000)
  region size 1024K, 30 young (30720K), 29 survivors (29696K)
 Metaspace       used 147519K, committed 149888K, reserved 1179648K
  class space    used 19805K, committed 20992K, reserved 1048576K
}
Event: 740.081 GC heap after
{Heap after GC invocations=52 (full 0):
 garbage-first heap   total 435200K, used 157184K [0x0000000080000000, 0x0000000100000000)
  region size 1024K, 1 young (1024K), 1 survivors (1024K)
 Metaspace       used 147519K, committed 149888K, reserved 1179648K
  class space    used 19805K, committed 20992K, reserved 1048576K
}
Event: 744.737 GC heap before
{Heap before GC invocations=53 (full 0):
 garbage-first heap   total 435200K, used 408064K [0x0000000080000000, 0x0000000100000000)
  region size 1024K, 231 young (236544K), 1 survivors (1024K)
 Metaspace       used 152832K, committed 155200K, reserved 1245184K
  class space    used 20344K, committed 21504K, reserved 1048576K
}
Event: 744.762 GC heap after
{Heap after GC invocations=54 (full 0):
 garbage-first heap   total 435200K, used 174797K [0x0000000080000000, 0x0000000100000000)
  region size 1024K, 17 young (17408K), 17 survivors (17408K)
 Metaspace       used 152832K, committed 155200K, reserved 1245184K
  class space    used 20344K, committed 21504K, reserved 1048576K
}
Event: 879.786 GC heap before
{Heap before GC invocations=54 (full 0):
 garbage-first heap   total 435200K, used 432845K [0x0000000080000000, 0x0000000100000000)
  region size 1024K, 174 young (178176K), 17 survivors (17408K)
 Metaspace       used 153935K, committed 156352K, reserved 1245184K
  class space    used 20368K, committed 21568K, reserved 1048576K
}
Event: 879.853 GC heap after
{Heap after GC invocations=55 (full 0):
 garbage-first heap   total 464896K, used 177720K [0x0000000080000000, 0x0000000100000000)
  region size 1024K, 21 young (21504K), 21 survivors (21504K)
 Metaspace       used 153935K, committed 156352K, reserved 1245184K
  class space    used 20368K, committed 21568K, reserved 1048576K
}
Event: 880.060 GC heap before
{Heap before GC invocations=55 (full 0):
 garbage-first heap   total 464896K, used 204344K [0x0000000080000000, 0x0000000100000000)
  region size 1024K, 49 young (50176K), 21 survivors (21504K)
 Metaspace       used 153966K, committed 156416K, reserved 1245184K
  class space    used 20368K, committed 21568K, reserved 1048576K
}
Event: 880.082 GC heap after
{Heap after GC invocations=56 (full 0):
 garbage-first heap   total 464896K, used 190956K [0x0000000080000000, 0x0000000100000000)
  region size 1024K, 15 young (15360K), 15 survivors (15360K)
 Metaspace       used 153966K, committed 156416K, reserved 1245184K
  class space    used 20368K, committed 21568K, reserved 1048576K
}
Event: 883.347 GC heap before
{Heap before GC invocations=57 (full 0):
 garbage-first heap   total 464896K, used 332268K [0x0000000080000000, 0x0000000100000000)
  region size 1024K, 146 young (149504K), 15 survivors (15360K)
 Metaspace       used 153780K, committed 156160K, reserved 1245184K
  class space    used 20326K, committed 21568K, reserved 1048576K
}
Event: 883.375 GC heap after
{Heap after GC invocations=58 (full 0):
 garbage-first heap   total 464896K, used 194281K [0x0000000080000000, 0x0000000100000000)
  region size 1024K, 19 young (19456K), 19 survivors (19456K)
 Metaspace       used 153780K, committed 156160K, reserved 1245184K
  class space    used 20326K, committed 21568K, reserved 1048576K
}
Event: 1124.869 GC heap before
{Heap before GC invocations=58 (full 0):
 garbage-first heap   total 464896K, used 434921K [0x0000000080000000, 0x0000000100000000)
  region size 1024K, 159 young (162816K), 19 survivors (19456K)
 Metaspace       used 154257K, committed 156672K, reserved 1245184K
  class space    used 20327K, committed 21568K, reserved 1048576K
}
Event: 1124.880 GC heap after
{Heap after GC invocations=59 (full 0):
 garbage-first heap   total 464896K, used 164058K [0x0000000080000000, 0x0000000100000000)
  region size 1024K, 4 young (4096K), 4 survivors (4096K)
 Metaspace       used 154257K, committed 156672K, reserved 1245184K
  class space    used 20327K, committed 21568K, reserved 1048576K
}
Event: 1125.304 GC heap before
{Heap before GC invocations=59 (full 0):
 garbage-first heap   total 464896K, used 223450K [0x0000000080000000, 0x0000000100000000)
  region size 1024K, 64 young (65536K), 4 survivors (4096K)
 Metaspace       used 154405K, committed 156800K, reserved 1245184K
  class space    used 20329K, committed 21568K, reserved 1048576K
}
Event: 1125.314 GC heap after
{Heap after GC invocations=60 (full 0):
 garbage-first heap   total 464896K, used 168594K [0x0000000080000000, 0x0000000100000000)
  region size 1024K, 8 young (8192K), 8 survivors (8192K)
 Metaspace       used 154405K, committed 156800K, reserved 1245184K
  class space    used 20329K, committed 21568K, reserved 1048576K
}
Event: 1127.618 GC heap before
{Heap before GC invocations=61 (full 0):
 garbage-first heap   total 464896K, used 367250K [0x0000000080000000, 0x0000000100000000)
  region size 1024K, 190 young (194560K), 8 survivors (8192K)
 Metaspace       used 154814K, committed 157248K, reserved 1245184K
  class space    used 20329K, committed 21568K, reserved 1048576K
}
Event: 1127.631 GC heap after
{Heap after GC invocations=62 (full 0):
 garbage-first heap   total 464896K, used 163190K [0x0000000080000000, 0x0000000100000000)
  region size 1024K, 13 young (13312K), 13 survivors (13312K)
 Metaspace       used 154814K, committed 157248K, reserved 1245184K
  class space    used 20329K, committed 21568K, reserved 1048576K
}
Event: 1139.746 GC heap before
{Heap before GC invocations=62 (full 0):
 garbage-first heap   total 464896K, used 463222K [0x0000000080000000, 0x0000000100000000)
  region size 1024K, 211 young (216064K), 13 survivors (13312K)
 Metaspace       used 155297K, committed 157696K, reserved 1245184K
  class space    used 20331K, committed 21568K, reserved 1048576K
}
Event: 1139.768 GC heap after
{Heap after GC invocations=63 (full 0):
 garbage-first heap   total 491520K, used 153859K [0x0000000080000000, 0x0000000100000000)
  region size 1024K, 22 young (22528K), 22 survivors (22528K)
 Metaspace       used 155297K, committed 157696K, reserved 1245184K
  class space    used 20331K, committed 21568K, reserved 1048576K
}
Event: 1139.844 GC heap before
{Heap before GC invocations=63 (full 0):
 garbage-first heap   total 491520K, used 178435K [0x0000000080000000, 0x0000000100000000)
  region size 1024K, 48 young (49152K), 22 survivors (22528K)
 Metaspace       used 155318K, committed 157760K, reserved 1245184K
  class space    used 20331K, committed 21568K, reserved 1048576K
}
Event: 1139.871 GC heap after
{Heap after GC invocations=64 (full 0):
 garbage-first heap   total 491520K, used 165530K [0x0000000080000000, 0x0000000100000000)
  region size 1024K, 13 young (13312K), 13 survivors (13312K)
 Metaspace       used 155318K, committed 157760K, reserved 1245184K
  class space    used 20331K, committed 21568K, reserved 1048576K
}

